\BOOKMARK [1][-]{section.1}{教育背景}{}% 1
\BOOKMARK [2][-]{subsection.1.1}{东南大学}{section.1}% 2
\BOOKMARK [1][-]{section.2}{出版物}{}% 3
\BOOKMARK [1][-]{section.3}{专利}{}% 4
\BOOKMARK [1][-]{section.4}{科研经历}{}% 5
\BOOKMARK [2][-]{subsection.4.1}{知识科学与工程实验室 \(由漆桂林老师领导\)}{section.4}% 6
\BOOKMARK [2][-]{subsection.4.2}{Web 表格实体链接}{section.4}% 7
\BOOKMARK [1][-]{section.5}{项目经历}{}% 8
\BOOKMARK [2][-]{subsection.5.1}{MiniC 编辑器 [Link]}{section.5}% 9
\BOOKMARK [2][-]{subsection.5.2}{MiniC 编译器 [Link]}{section.5}% 10
\BOOKMARK [2][-]{subsection.5.3}{人工智能课程项目 [Link]}{section.5}% 11
\BOOKMARK [2][-]{subsection.5.4}{实体链接者 [Link]}{section.5}% 12
\BOOKMARK [2][-]{subsection.5.5}{游戏 seuMinecraft [Link]}{section.5}% 13
\BOOKMARK [2][-]{subsection.5.6}{微博爬虫 [Link]}{section.5}% 14
\BOOKMARK [2][-]{subsection.5.7}{虚拟校园 [Link]}{section.5}% 15
\BOOKMARK [1][-]{section.6}{工作经历}{}% 16
\BOOKMARK [2][-]{subsection.6.1}{亚信科技}{section.6}% 17
\BOOKMARK [2][-]{subsection.6.2}{江苏尚博信息科技有限公司}{section.6}% 18
\BOOKMARK [1][-]{section.7}{荣誉与奖项}{}% 19
\BOOKMARK [1][-]{section.8}{课外活动}{}% 20
\BOOKMARK [2][-]{subsection.8.1}{加州州立理工大学国际学生领导力项目}{section.8}% 21
\BOOKMARK [2][-]{subsection.8.2}{南京青年奥林匹克运动会志愿者}{section.8}% 22
\BOOKMARK [1][-]{section.9}{技能与兴趣}{}% 23
